C:\Users\aaron.saul\Desktop\xFile\XFileDemo\Debug\cl.command.1.tlog
C:\Users\aaron.saul\Desktop\xFile\XFileDemo\Debug\CL.read.1.tlog
C:\Users\aaron.saul\Desktop\xFile\XFileDemo\Debug\CL.write.1.tlog
C:\USERS\AARON.SAUL\DESKTOP\XFILE\XFILEDEMO\DEBUG\D3DAPP.OBJ
C:\USERS\AARON.SAUL\DESKTOP\XFILE\XFILEDEMO\DEBUG\D3DUTIL.OBJ
C:\USERS\AARON.SAUL\DESKTOP\XFILE\XFILEDEMO\DEBUG\DIRECTINPUT.OBJ
C:\USERS\AARON.SAUL\DESKTOP\XFILE\XFILEDEMO\DEBUG\GFXSTATS.OBJ
C:\Users\aaron.saul\Desktop\xFile\XFileDemo\Debug\link.command.1.tlog
C:\Users\aaron.saul\Desktop\xFile\XFileDemo\Debug\link.read.1.tlog
C:\Users\aaron.saul\Desktop\xFile\XFileDemo\Debug\link.write.1.tlog
C:\Users\aaron.saul\Desktop\xFile\XFileDemo\Debug\link-cvtres.read.1.tlog
C:\Users\aaron.saul\Desktop\xFile\XFileDemo\Debug\link-cvtres.write.1.tlog
C:\Users\aaron.saul\Desktop\xFile\XFileDemo\Debug\mt.command.1.tlog
C:\Users\aaron.saul\Desktop\xFile\XFileDemo\Debug\mt.read.1.tlog
C:\Users\aaron.saul\Desktop\xFile\XFileDemo\Debug\mt.write.1.tlog
C:\Users\aaron.saul\Desktop\xFile\XFileDemo\Debug\rc.command.1.tlog
C:\Users\aaron.saul\Desktop\xFile\XFileDemo\Debug\rc.read.1.tlog
C:\Users\aaron.saul\Desktop\xFile\XFileDemo\Debug\rc.write.1.tlog
C:\USERS\AARON.SAUL\DESKTOP\XFILE\XFILEDEMO\DEBUG\RESOURCEMANAGER.OBJ
C:\USERS\AARON.SAUL\DESKTOP\XFILE\XFILEDEMO\DEBUG\TINYSTR.OBJ
C:\USERS\AARON.SAUL\DESKTOP\XFILE\XFILEDEMO\DEBUG\TINYXML.OBJ
C:\USERS\AARON.SAUL\DESKTOP\XFILE\XFILEDEMO\DEBUG\TINYXMLERROR.OBJ
C:\USERS\AARON.SAUL\DESKTOP\XFILE\XFILEDEMO\DEBUG\TINYXMLPARSER.OBJ
C:\Users\aaron.saul\Desktop\xFile\XFileDemo\Debug\vc100.idb
C:\USERS\AARON.SAUL\DESKTOP\XFILE\XFILEDEMO\DEBUG\VC100.PDB
C:\USERS\AARON.SAUL\DESKTOP\XFILE\XFILEDEMO\DEBUG\VERTEX.OBJ
C:\USERS\AARON.SAUL\DESKTOP\XFILE\XFILEDEMO\DEBUG\XFILEDEMO.EXE
C:\USERS\AARON.SAUL\DESKTOP\XFILE\XFILEDEMO\DEBUG\XFILEDEMO.EXE.EMBED.MANIFEST
C:\USERS\AARON.SAUL\DESKTOP\XFILE\XFILEDEMO\DEBUG\XFILEDEMO.EXE.EMBED.MANIFEST.RES
C:\USERS\AARON.SAUL\DESKTOP\XFILE\XFILEDEMO\DEBUG\XFILEDEMO.EXE.INTERMEDIATE.MANIFEST
C:\USERS\AARON.SAUL\DESKTOP\XFILE\XFILEDEMO\DEBUG\XFILEDEMO.OBJ
C:\USERS\AARON.SAUL\DESKTOP\XFILE\XFILEDEMO\DEBUG\XFILEDEMO.PDB
C:\Users\aaron.saul\Desktop\xFile\XFileDemo\Debug\XFileDemo_manifest.rc
